[2026-01-10 16:39:38] [INFO]: System boot sequence initiated
[2026-01-10 16:39:38] [INFO]: Loading kernel modules...
[2026-01-10 16:39:39] [WARNING]: WARNING: Disk space below 10%
[2026-01-10 16:39:39] [INFO]: Network interface eth0 up
[2026-01-10 16:39:39] [ERROR]: ERROR: Connection to database timed out
[2026-01-10 16:39:40] [INFO]: Retrying connection...
[2026-01-10 16:39:40] [INFO]: Connection established
[2026-01-10 16:39:40] [INFO]: User 'admin' logged in
[2026-01-10 16:46:16] [INFO]: System boot sequence initiated
[2026-01-10 16:46:16] [INFO]: Loading kernel modules...
[2026-01-10 16:46:16] [WARNING]: WARNING: Disk space below 10%
[2026-01-10 16:46:17] [INFO]: Network interface eth0 up
[2026-01-10 16:46:17] [ERROR]: ERROR: Connection to database timed out
[2026-01-10 16:46:17] [INFO]: Retrying connection...
[2026-01-10 16:46:18] [INFO]: Connection established
[2026-01-10 16:46:18] [INFO]: User 'admin' logged in
[2026-01-10 16:48:42] [INFO]: System boot sequence initiated
[2026-01-10 16:48:42] [INFO]: Loading kernel modules...
[2026-01-10 16:48:43] [WARNING]: WARNING: Disk space below 10%
[2026-01-10 16:48:43] [INFO]: Network interface eth0 up
[2026-01-10 16:48:43] [ERROR]: ERROR: Connection to database timed out
[2026-01-10 16:48:43] [INFO]: Retrying connection...
[2026-01-10 16:48:44] [INFO]: Connection established
[2026-01-10 16:48:44] [INFO]: User 'admin' logged in
[2026-01-10 17:11:30] [INFO]: [SYSTEM] CPU: 0.000000% | RAM Usage: 1 MB
[2026-01-10 17:11:31] [WARNING]: [SYSTEM] CPU: 18.227216% | RAM Usage: 1 MB [WARNING: High CPU Load]
[2026-01-10 17:11:32] [INFO]: [SYSTEM] CPU: 4.856787% | RAM Usage: 1 MB
[2026-01-10 17:11:33] [INFO]: [SYSTEM] CPU: 1.992528% | RAM Usage: 1 MB
[2026-01-10 17:11:34] [INFO]: [SYSTEM] CPU: 2.117061% | RAM Usage: 1 MB
[2026-01-10 17:11:35] [INFO]: [SYSTEM] CPU: 1.248439% | RAM Usage: 1 MB
[2026-01-10 17:11:36] [INFO]: [SYSTEM] CPU: 1.496259% | RAM Usage: 1 MB
[2026-01-10 17:11:37] [INFO]: [SYSTEM] CPU: 7.107232% | RAM Usage: 1 MB
[2026-01-10 17:11:38] [INFO]: [SYSTEM] CPU: 2.487562% | RAM Usage: 1 MB
[2026-01-10 17:11:39] [INFO]: [SYSTEM] CPU: 3.745318% | RAM Usage: 1 MB
[2026-01-10 17:11:40] [INFO]: [SYSTEM] CPU: 2.357320% | RAM Usage: 1 MB
[2026-01-10 17:11:41] [INFO]: [SYSTEM] CPU: 1.620948% | RAM Usage: 1 MB
[2026-01-10 17:11:42] [INFO]: [SYSTEM] CPU: 1.125000% | RAM Usage: 1 MB
[2026-01-10 17:11:43] [INFO]: [SYSTEM] CPU: 6.195787% | RAM Usage: 1 MB
[2026-01-10 17:11:44] [INFO]: [SYSTEM] CPU: 1.872659% | RAM Usage: 1 MB
[2026-01-10 17:11:45] [INFO]: [SYSTEM] CPU: 2.605459% | RAM Usage: 1 MB
[2026-01-10 17:11:46] [INFO]: [SYSTEM] CPU: 1.618929% | RAM Usage: 1 MB
[2026-01-10 17:11:47] [INFO]: [SYSTEM] CPU: 2.117061% | RAM Usage: 1 MB
[2026-01-10 17:11:48] [INFO]: [SYSTEM] CPU: 0.872818% | RAM Usage: 1 MB
[2026-01-10 17:11:49] [INFO]: [SYSTEM] CPU: 1.861042% | RAM Usage: 1 MB
[2026-01-10 17:11:50] [INFO]: [SYSTEM] CPU: 1.242236% | RAM Usage: 1 MB
[2026-01-10 17:11:51] [INFO]: [SYSTEM] CPU: 2.119701% | RAM Usage: 1 MB
[2026-01-10 17:11:52] [INFO]: [SYSTEM] CPU: 1.496259% | RAM Usage: 1 MB
[2026-01-10 17:11:53] [INFO]: [SYSTEM] CPU: 2.864259% | RAM Usage: 1 MB
[2026-01-10 17:11:54] [INFO]: [SYSTEM] CPU: 1.741294% | RAM Usage: 1 MB
[2026-01-10 17:11:55] [INFO]: [SYSTEM] CPU: 1.618929% | RAM Usage: 1 MB
[2026-01-10 17:11:56] [INFO]: [SYSTEM] CPU: 1.739130% | RAM Usage: 1 MB
[2026-01-10 17:11:57] [WARNING]: [SYSTEM] CPU: 19.250000% | RAM Usage: 1 MB [WARNING: High CPU Load]
[2026-01-10 17:11:58] [WARNING]: [SYSTEM] CPU: 17.750000% | RAM Usage: 1 MB [WARNING: High CPU Load]
[2026-01-10 17:11:59] [WARNING]: [SYSTEM] CPU: 33.249686% | RAM Usage: 1 MB [WARNING: High CPU Load]
[2026-01-10 17:12:00] [WARNING]: [SYSTEM] CPU: 18.851436% | RAM Usage: 1 MB [WARNING: High CPU Load]
[2026-01-10 17:12:01] [WARNING]: [SYSTEM] CPU: 18.318695% | RAM Usage: 1 MB [WARNING: High CPU Load]
[2026-01-10 17:12:02] [WARNING]: [SYSTEM] CPU: 27.340824% | RAM Usage: 1 MB [WARNING: High CPU Load]
[2026-01-10 17:12:03] [WARNING]: [SYSTEM] CPU: 20.125786% | RAM Usage: 1 MB [WARNING: High CPU Load]
[2026-01-10 17:12:04] [WARNING]: [SYSTEM] CPU: 49.811794% | RAM Usage: 1 MB [WARNING: High CPU Load]
[2026-01-10 17:12:05] [WARNING]: [SYSTEM] CPU: 46.933667% | RAM Usage: 0 MB [WARNING: High CPU Load]
[2026-01-10 17:12:06] [WARNING]: [SYSTEM] CPU: 41.604010% | RAM Usage: 0 MB [WARNING: High CPU Load]
[2026-01-10 17:12:07] [WARNING]: [SYSTEM] CPU: 19.700748% | RAM Usage: 0 MB [WARNING: High CPU Load]
[2026-01-10 17:12:08] [WARNING]: [SYSTEM] CPU: 16.438356% | RAM Usage: 0 MB [WARNING: High CPU Load]
[2026-01-10 17:12:09] [INFO]: [SYSTEM] CPU: 9.170854% | RAM Usage: 0 MB
[2026-01-10 17:12:10] [WARNING]: [SYSTEM] CPU: 13.698630% | RAM Usage: 0 MB [WARNING: High CPU Load]
[2026-01-10 17:12:11] [INFO]: [SYSTEM] CPU: 8.125000% | RAM Usage: 1 MB
[2026-01-10 17:12:12] [WARNING]: [SYSTEM] CPU: 11.604938% | RAM Usage: 1 MB [WARNING: High CPU Load]
[2026-01-10 17:12:13] [INFO]: [SYSTEM] CPU: 8.375000% | RAM Usage: 1 MB
[2026-01-10 17:12:14] [WARNING]: [SYSTEM] CPU: 27.672956% | RAM Usage: 1 MB [WARNING: High CPU Load]
[2026-01-10 17:12:15] [WARNING]: [SYSTEM] CPU: 23.420074% | RAM Usage: 1 MB [WARNING: High CPU Load]
[2026-01-10 17:12:16] [WARNING]: [SYSTEM] CPU: 15.442092% | RAM Usage: 1 MB [WARNING: High CPU Load]
[2026-01-10 17:12:17] [WARNING]: [SYSTEM] CPU: 15.201005% | RAM Usage: 1 MB [WARNING: High CPU Load]
[2026-01-10 17:12:18] [WARNING]: [SYSTEM] CPU: 22.556391% | RAM Usage: 1 MB [WARNING: High CPU Load]
[2026-01-10 17:12:19] [WARNING]: [SYSTEM] CPU: 21.571072% | RAM Usage: 1 MB [WARNING: High CPU Load]
[2026-01-10 17:12:20] [INFO]: [SYSTEM] CPU: 5.728518% | RAM Usage: 1 MB
[2026-01-10 17:12:21] [INFO]: [SYSTEM] CPU: 7.835821% | RAM Usage: 1 MB
[2026-01-10 17:12:22] [WARNING]: [SYSTEM] CPU: 13.125000% | RAM Usage: 1 MB [WARNING: High CPU Load]
[2026-01-10 17:12:23] [WARNING]: [SYSTEM] CPU: 37.827715% | RAM Usage: 1 MB [WARNING: High CPU Load]
[2026-01-10 17:12:24] [INFO]: [SYSTEM] CPU: 8.955224% | RAM Usage: 1 MB
[2026-01-10 17:12:25] [INFO]: [SYSTEM] CPU: 5.603985% | RAM Usage: 1 MB
[2026-01-10 17:12:26] [INFO]: [SYSTEM] CPU: 5.617978% | RAM Usage: 1 MB
[2026-01-10 17:12:27] [INFO]: [SYSTEM] CPU: 4.607721% | RAM Usage: 1 MB
[2026-01-10 17:12:28] [INFO]: [SYSTEM] CPU: 3.478261% | RAM Usage: 1 MB
[2026-01-10 17:12:29] [INFO]: [SYSTEM] CPU: 2.119701% | RAM Usage: 1 MB
[2026-01-10 17:12:30] [INFO]: [SYSTEM] CPU: 1.997503% | RAM Usage: 1 MB
[2026-01-10 17:12:31] [INFO]: [SYSTEM] CPU: 3.117207% | RAM Usage: 1 MB
[2026-01-10 17:12:32] [INFO]: [SYSTEM] CPU: 5.217391% | RAM Usage: 1 MB
[2026-01-10 17:12:33] [INFO]: [SYSTEM] CPU: 4.856787% | RAM Usage: 1 MB
[2026-01-10 17:12:34] [INFO]: [SYSTEM] CPU: 2.732919% | RAM Usage: 1 MB
[2026-01-10 17:12:35] [INFO]: [SYSTEM] CPU: 1.369863% | RAM Usage: 1 MB
[2026-01-10 17:12:36] [INFO]: [SYSTEM] CPU: 2.618454% | RAM Usage: 1 MB
[2026-01-10 17:12:37] [INFO]: [SYSTEM] CPU: 4.744070% | RAM Usage: 1 MB
[2026-01-10 17:12:38] [INFO]: [SYSTEM] CPU: 3.233831% | RAM Usage: 1 MB
[2026-01-10 17:12:39] [WARNING]: [SYSTEM] CPU: 10.847880% | RAM Usage: 1 MB [WARNING: High CPU Load]
[2026-01-10 17:12:40] [WARNING]: [SYSTEM] CPU: 18.546366% | RAM Usage: 1 MB [WARNING: High CPU Load]
[2026-01-10 17:12:41] [WARNING]: [SYSTEM] CPU: 20.174346% | RAM Usage: 1 MB [WARNING: High CPU Load]
[2026-01-10 17:12:42] [INFO]: [SYSTEM] CPU: 9.045226% | RAM Usage: 1 MB
[2026-01-10 17:12:43] [INFO]: [SYSTEM] CPU: 5.583127% | RAM Usage: 1 MB
[2026-01-10 17:12:44] [WARNING]: [SYSTEM] CPU: 11.845387% | RAM Usage: 1 MB [WARNING: High CPU Load]
[2026-01-10 17:12:45] [WARNING]: [SYSTEM] CPU: 31.795511% | RAM Usage: 1 MB [WARNING: High CPU Load]
[2026-01-10 17:12:46] [WARNING]: [SYSTEM] CPU: 41.301627% | RAM Usage: 1 MB [WARNING: High CPU Load]
[2026-01-10 17:12:47] [WARNING]: [SYSTEM] CPU: 34.875000% | RAM Usage: 1 MB [WARNING: High CPU Load]
[2026-01-10 17:12:48] [WARNING]: [SYSTEM] CPU: 35.660848% | RAM Usage: 1 MB [WARNING: High CPU Load]
[2026-01-10 17:12:49] [WARNING]: [SYSTEM] CPU: 36.159601% | RAM Usage: 1 MB [WARNING: High CPU Load]
[2026-01-10 17:12:50] [WARNING]: [SYSTEM] CPU: 21.695761% | RAM Usage: 1 MB [WARNING: High CPU Load]
[2026-01-10 17:12:51] [WARNING]: [SYSTEM] CPU: 18.546366% | RAM Usage: 1 MB [WARNING: High CPU Load]
[2026-01-10 17:12:52] [INFO]: [SYSTEM] CPU: 4.975124% | RAM Usage: 1 MB
[2026-01-10 17:12:53] [INFO]: [SYSTEM] CPU: 5.889724% | RAM Usage: 1 MB
[2026-01-10 17:12:54] [INFO]: [SYSTEM] CPU: 6.335404% | RAM Usage: 1 MB
[2026-01-10 17:12:55] [WARNING]: [SYSTEM] CPU: 13.965087% | RAM Usage: 1 MB [WARNING: High CPU Load]
[2026-01-10 17:12:56] [WARNING]: [SYSTEM] CPU: 12.015019% | RAM Usage: 1 MB [WARNING: High CPU Load]
[2026-01-10 17:12:57] [WARNING]: [SYSTEM] CPU: 14.179104% | RAM Usage: 1 MB [WARNING: High CPU Load]
[2026-01-10 17:12:58] [INFO]: [SYSTEM] CPU: 1.243781% | RAM Usage: 1 MB
[2026-01-10 17:12:59] [INFO]: [SYSTEM] CPU: 1.610905% | RAM Usage: 1 MB
[2026-01-10 17:13:00] [INFO]: [SYSTEM] CPU: 1.750000% | RAM Usage: 1 MB
[2026-01-10 17:13:01] [INFO]: [SYSTEM] CPU: 1.614907% | RAM Usage: 1 MB
[2026-01-10 17:13:02] [INFO]: [SYSTEM] CPU: 3.995006% | RAM Usage: 1 MB
[2026-01-10 17:13:03] [INFO]: [SYSTEM] CPU: 2.478315% | RAM Usage: 1 MB
[2026-01-10 17:13:04] [INFO]: [SYSTEM] CPU: 3.495630% | RAM Usage: 1 MB
[2026-01-10 17:13:05] [INFO]: [SYSTEM] CPU: 1.118012% | RAM Usage: 1 MB
[2026-01-10 17:13:06] [INFO]: [SYSTEM] CPU: 1.992528% | RAM Usage: 1 MB
[2026-01-10 17:13:07] [INFO]: [SYSTEM] CPU: 4.483188% | RAM Usage: 1 MB
[2026-01-10 17:13:08] [INFO]: [SYSTEM] CPU: 1.368159% | RAM Usage: 1 MB
[2026-01-10 17:13:09] [INFO]: [SYSTEM] CPU: 2.114428% | RAM Usage: 1 MB
[2026-01-10 17:13:10] [INFO]: [SYSTEM] CPU: 4.975124% | RAM Usage: 1 MB
[2026-01-10 17:13:11] [INFO]: [SYSTEM] CPU: 2.490660% | RAM Usage: 1 MB
[2026-01-10 17:13:12] [INFO]: [SYSTEM] CPU: 1.246883% | RAM Usage: 1 MB
[2026-01-10 17:13:13] [INFO]: [SYSTEM] CPU: 9.215442% | RAM Usage: 1 MB
[2026-01-10 17:13:14] [WARNING]: [SYSTEM] CPU: 14.196762% | RAM Usage: 1 MB [WARNING: High CPU Load]
[2026-01-10 17:13:15] [INFO]: [SYSTEM] CPU: 6.608479% | RAM Usage: 1 MB
[2026-01-10 17:13:16] [INFO]: [SYSTEM] CPU: 5.112219% | RAM Usage: 1 MB
[2026-01-10 17:13:17] [WARNING]: [SYSTEM] CPU: 13.715711% | RAM Usage: 1 MB [WARNING: High CPU Load]
[2026-01-10 17:13:18] [WARNING]: [SYSTEM] CPU: 51.954603% | RAM Usage: 1 MB [WARNING: High CPU Load]
[2026-01-10 17:13:19] [WARNING]: [SYSTEM] CPU: 23.595506% | RAM Usage: 1 MB [WARNING: High CPU Load]
[2026-01-10 17:13:20] [WARNING]: [SYSTEM] CPU: 16.145181% | RAM Usage: 1 MB [WARNING: High CPU Load]
[2026-01-10 17:13:21] [WARNING]: [SYSTEM] CPU: 11.000000% | RAM Usage: 1 MB [WARNING: High CPU Load]
[2026-01-10 17:13:22] [WARNING]: [SYSTEM] CPU: 12.359551% | RAM Usage: 1 MB [WARNING: High CPU Load]
[2026-01-10 17:13:23] [WARNING]: [SYSTEM] CPU: 20.775970% | RAM Usage: 1 MB [WARNING: High CPU Load]
[2026-01-10 17:13:24] [WARNING]: [SYSTEM] CPU: 13.875000% | RAM Usage: 1 MB [WARNING: High CPU Load]
[2026-01-10 17:13:25] [WARNING]: [SYSTEM] CPU: 18.385093% | RAM Usage: 1 MB [WARNING: High CPU Load]
[2026-01-10 17:13:26] [WARNING]: [SYSTEM] CPU: 16.729560% | RAM Usage: 1 MB [WARNING: High CPU Load]
[2026-01-10 17:13:27] [WARNING]: [SYSTEM] CPU: 12.140175% | RAM Usage: 1 MB [WARNING: High CPU Load]
[2026-01-10 17:13:28] [INFO]: [SYSTEM] CPU: 5.721393% | RAM Usage: 1 MB
[2026-01-10 17:13:29] [INFO]: [SYSTEM] CPU: 4.109589% | RAM Usage: 1 MB
[2026-01-10 17:13:30] [WARNING]: [SYSTEM] CPU: 10.250000% | RAM Usage: 1 MB [WARNING: High CPU Load]
[2026-01-10 17:13:31] [INFO]: [SYSTEM] CPU: 5.236908% | RAM Usage: 1 MB
[2026-01-10 17:13:32] [INFO]: [SYSTEM] CPU: 8.145363% | RAM Usage: 1 MB
[2026-01-10 17:13:33] [INFO]: [SYSTEM] CPU: 3.750000% | RAM Usage: 1 MB
[2026-01-10 17:13:34] [INFO]: [SYSTEM] CPU: 1.496259% | RAM Usage: 1 MB
[2026-01-10 17:13:35] [INFO]: [SYSTEM] CPU: 2.487562% | RAM Usage: 1 MB
[2026-01-10 17:13:36] [INFO]: [SYSTEM] CPU: 1.877347% | RAM Usage: 1 MB
[2026-01-10 17:13:37] [INFO]: [SYSTEM] CPU: 6.716418% | RAM Usage: 1 MB
[2026-01-10 17:13:38] [INFO]: [SYSTEM] CPU: 1.861042% | RAM Usage: 1 MB
[2026-01-10 17:13:39] [INFO]: [SYSTEM] CPU: 3.870162% | RAM Usage: 1 MB
[2026-01-10 17:13:40] [INFO]: [SYSTEM] CPU: 7.960199% | RAM Usage: 1 MB
[2026-01-10 17:13:41] [INFO]: [SYSTEM] CPU: 4.993758% | RAM Usage: 1 MB
[2026-01-10 17:13:42] [INFO]: [SYSTEM] CPU: 1.375000% | RAM Usage: 1 MB
[2026-01-10 17:13:43] [INFO]: [SYSTEM] CPU: 1.732673% | RAM Usage: 1 MB
[2026-01-10 17:13:44] [INFO]: [SYSTEM] CPU: 7.904642% | RAM Usage: 1 MB
[2026-01-10 17:13:45] [WARNING]: [SYSTEM] CPU: 14.536341% | RAM Usage: 1 MB [WARNING: High CPU Load]
[2026-01-10 17:13:46] [WARNING]: [SYSTEM] CPU: 10.288582% | RAM Usage: 1 MB [WARNING: High CPU Load]
[2026-01-10 17:13:47] [INFO]: [SYSTEM] CPU: 5.486284% | RAM Usage: 1 MB
[2026-01-10 17:13:48] [INFO]: [SYSTEM] CPU: 7.008761% | RAM Usage: 1 MB
[2026-01-10 17:13:49] [INFO]: [SYSTEM] CPU: 3.611457% | RAM Usage: 1 MB
[2026-01-10 17:13:50] [INFO]: [SYSTEM] CPU: 1.736973% | RAM Usage: 1 MB
[2026-01-10 17:13:51] [WARNING]: [SYSTEM] CPU: 28.089888% | RAM Usage: 1 MB [WARNING: High CPU Load]
[2026-01-10 17:13:52] [INFO]: [SYSTEM] CPU: 8.457711% | RAM Usage: 1 MB
[2026-01-10 17:13:53] [INFO]: [SYSTEM] CPU: 6.857855% | RAM Usage: 1 MB
[2026-01-10 17:13:54] [INFO]: [SYSTEM] CPU: 3.221809% | RAM Usage: 1 MB
[2026-01-10 17:13:55] [INFO]: [SYSTEM] CPU: 2.377972% | RAM Usage: 1 MB
[2026-01-10 17:13:56] [INFO]: [SYSTEM] CPU: 6.079404% | RAM Usage: 1 MB
[2026-01-10 17:13:57] [INFO]: [SYSTEM] CPU: 3.500000% | RAM Usage: 1 MB
[2026-01-10 17:13:58] [INFO]: [SYSTEM] CPU: 1.987578% | RAM Usage: 1 MB
[2026-01-10 17:13:59] [INFO]: [SYSTEM] CPU: 1.376721% | RAM Usage: 1 MB
[2026-01-10 17:14:00] [INFO]: [SYSTEM] CPU: 1.870324% | RAM Usage: 1 MB
[2026-01-10 17:14:01] [INFO]: [SYSTEM] CPU: 0.870647% | RAM Usage: 1 MB
[2026-01-10 17:14:02] [INFO]: [SYSTEM] CPU: 1.118012% | RAM Usage: 1 MB
[2026-01-10 17:14:03] [INFO]: [SYSTEM] CPU: 0.992556% | RAM Usage: 1 MB
[2026-01-10 17:14:04] [INFO]: [SYSTEM] CPU: 0.750000% | RAM Usage: 1 MB
[2026-01-10 17:14:05] [INFO]: [SYSTEM] CPU: 1.116625% | RAM Usage: 1 MB
[2026-01-10 17:14:06] [INFO]: [SYSTEM] CPU: 1.496259% | RAM Usage: 1 MB
[2026-01-10 17:14:07] [INFO]: [SYSTEM] CPU: 5.479452% | RAM Usage: 1 MB
[2026-01-10 17:14:08] [INFO]: [SYSTEM] CPU: 0.993789% | RAM Usage: 1 MB
[2026-01-10 17:14:09] [INFO]: [SYSTEM] CPU: 1.118012% | RAM Usage: 1 MB
[2026-01-10 17:14:10] [INFO]: [SYSTEM] CPU: 1.123596% | RAM Usage: 1 MB
[2026-01-10 17:14:11] [INFO]: [SYSTEM] CPU: 5.074257% | RAM Usage: 1 MB
[2026-01-10 17:14:12] [INFO]: [SYSTEM] CPU: 0.875000% | RAM Usage: 1 MB
[2026-01-10 17:14:13] [INFO]: [SYSTEM] CPU: 1.118012% | RAM Usage: 1 MB
[2026-01-10 17:14:14] [INFO]: [SYSTEM] CPU: 1.618929% | RAM Usage: 1 MB
[2026-01-10 17:14:15] [INFO]: [SYSTEM] CPU: 1.120797% | RAM Usage: 1 MB
[2026-01-10 17:14:16] [INFO]: [SYSTEM] CPU: 2.114428% | RAM Usage: 1 MB
[2026-01-10 17:14:17] [INFO]: [SYSTEM] CPU: 1.625000% | RAM Usage: 1 MB
[2026-01-10 17:14:18] [INFO]: [SYSTEM] CPU: 3.850932% | RAM Usage: 1 MB
[2026-01-10 17:14:19] [INFO]: [SYSTEM] CPU: 1.992528% | RAM Usage: 1 MB
[2026-01-10 17:14:20] [INFO]: [SYSTEM] CPU: 1.369863% | RAM Usage: 1 MB
[2026-01-10 17:14:21] [INFO]: [SYSTEM] CPU: 1.366460% | RAM Usage: 1 MB
[2026-01-10 17:14:22] [INFO]: [SYSTEM] CPU: 0.748130% | RAM Usage: 1 MB
[2026-01-10 17:14:23] [INFO]: [SYSTEM] CPU: 1.364764% | RAM Usage: 1 MB
[2026-01-10 17:14:24] [INFO]: [SYSTEM] CPU: 3.860523% | RAM Usage: 1 MB
[2026-01-10 17:14:25] [INFO]: [SYSTEM] CPU: 2.241594% | RAM Usage: 1 MB
[2026-01-10 17:14:26] [INFO]: [SYSTEM] CPU: 2.615193% | RAM Usage: 1 MB
[2026-01-10 17:14:27] [INFO]: [SYSTEM] CPU: 0.995025% | RAM Usage: 1 MB
[2026-01-10 17:14:28] [INFO]: [SYSTEM] CPU: 2.736318% | RAM Usage: 1 MB
[2026-01-10 17:14:29] [INFO]: [SYSTEM] CPU: 0.748130% | RAM Usage: 1 MB
[2026-01-10 17:14:30] [INFO]: [SYSTEM] CPU: 0.996264% | RAM Usage: 1 MB
[2026-01-10 17:14:31] [INFO]: [SYSTEM] CPU: 0.869565% | RAM Usage: 1 MB
[2026-01-10 17:14:32] [INFO]: [SYSTEM] CPU: 0.621891% | RAM Usage: 1 MB
[2026-01-10 17:14:33] [INFO]: [SYSTEM] CPU: 0.746269% | RAM Usage: 1 MB
[2026-01-10 17:14:34] [INFO]: [SYSTEM] CPU: 4.856787% | RAM Usage: 1 MB
[2026-01-10 17:14:35] [INFO]: [SYSTEM] CPU: 2.363184% | RAM Usage: 1 MB
[2026-01-10 17:14:36] [INFO]: [SYSTEM] CPU: 1.992528% | RAM Usage: 1 MB
[2026-01-10 17:14:37] [INFO]: [SYSTEM] CPU: 3.740648% | RAM Usage: 1 MB
[2026-01-10 17:14:38] [INFO]: [SYSTEM] CPU: 1.736973% | RAM Usage: 1 MB
[2026-01-10 17:14:39] [INFO]: [SYSTEM] CPU: 0.995025% | RAM Usage: 1 MB
[2026-01-10 17:14:40] [INFO]: [SYSTEM] CPU: 4.369538% | RAM Usage: 1 MB
[2026-01-10 17:14:41] [INFO]: [SYSTEM] CPU: 1.119403% | RAM Usage: 1 MB
[2026-01-10 17:14:42] [INFO]: [SYSTEM] CPU: 0.750000% | RAM Usage: 1 MB
[2026-01-10 17:14:43] [INFO]: [SYSTEM] CPU: 1.614907% | RAM Usage: 1 MB
[2026-01-10 17:14:44] [INFO]: [SYSTEM] CPU: 2.746567% | RAM Usage: 1 MB
[2026-01-10 17:14:45] [INFO]: [SYSTEM] CPU: 5.105853% | RAM Usage: 1 MB
[2026-01-10 17:14:46] [INFO]: [SYSTEM] CPU: 1.741294% | RAM Usage: 1 MB
[2026-01-10 17:14:47] [WARNING]: [SYSTEM] CPU: 17.763975% | RAM Usage: 1 MB [WARNING: High CPU Load]
[2026-01-10 17:14:48] [WARNING]: [SYSTEM] CPU: 23.316708% | RAM Usage: 1 MB [WARNING: High CPU Load]
[2026-01-10 17:14:49] [WARNING]: [SYSTEM] CPU: 13.788820% | RAM Usage: 1 MB [WARNING: High CPU Load]
[2026-01-10 17:14:50] [WARNING]: [SYSTEM] CPU: 14.089776% | RAM Usage: 1 MB [WARNING: High CPU Load]
[2026-01-10 17:14:51] [INFO]: [SYSTEM] CPU: 2.114428% | RAM Usage: 1 MB
[2026-01-10 17:14:52] [INFO]: [SYSTEM] CPU: 8.592777% | RAM Usage: 1 MB
[2026-01-10 17:14:53] [INFO]: [SYSTEM] CPU: 6.390977% | RAM Usage: 1 MB
[2026-01-10 17:14:54] [INFO]: [SYSTEM] CPU: 3.117207% | RAM Usage: 1 MB
[2026-01-10 17:14:55] [INFO]: [SYSTEM] CPU: 5.977584% | RAM Usage: 1 MB
[2026-01-10 17:14:56] [WARNING]: [SYSTEM] CPU: 14.572864% | RAM Usage: 1 MB [WARNING: High CPU Load]
[2026-01-10 17:14:57] [INFO]: [SYSTEM] CPU: 9.887359% | RAM Usage: 1 MB
[2026-01-10 17:14:58] [INFO]: [SYSTEM] CPU: 2.743142% | RAM Usage: 1 MB
[2026-01-10 17:14:59] [INFO]: [SYSTEM] CPU: 7.990012% | RAM Usage: 1 MB
[2026-01-10 17:15:00] [WARNING]: [SYSTEM] CPU: 12.500000% | RAM Usage: 1 MB [WARNING: High CPU Load]
[2026-01-10 17:15:01] [INFO]: [SYSTEM] CPU: 9.022556% | RAM Usage: 1 MB
[2026-01-10 17:15:02] [INFO]: [SYSTEM] CPU: 5.955335% | RAM Usage: 1 MB
[2026-01-10 17:15:03] [INFO]: [SYSTEM] CPU: 9.637046% | RAM Usage: 1 MB
[2026-01-10 17:15:04] [WARNING]: [SYSTEM] CPU: 10.625000% | RAM Usage: 1 MB [WARNING: High CPU Load]
[2026-01-10 17:15:05] [INFO]: [SYSTEM] CPU: 1.120797% | RAM Usage: 1 MB
[2026-01-10 17:15:06] [INFO]: [SYSTEM] CPU: 3.850932% | RAM Usage: 1 MB
[2026-01-10 17:15:07] [INFO]: [SYSTEM] CPU: 4.619226% | RAM Usage: 1 MB
[2026-01-10 17:15:08] [INFO]: [SYSTEM] CPU: 1.982652% | RAM Usage: 1 MB
[2026-01-10 17:15:09] [INFO]: [SYSTEM] CPU: 2.122347% | RAM Usage: 1 MB
[2026-01-10 17:15:10] [INFO]: [SYSTEM] CPU: 0.995025% | RAM Usage: 1 MB
[2026-01-10 17:15:11] [INFO]: [SYSTEM] CPU: 1.618929% | RAM Usage: 1 MB
[2026-01-10 17:15:12] [INFO]: [SYSTEM] CPU: 0.995025% | RAM Usage: 1 MB
[2026-01-10 17:15:13] [INFO]: [SYSTEM] CPU: 1.741294% | RAM Usage: 1 MB
[2026-01-10 17:15:15] [INFO]: [SYSTEM] CPU: 1.745636% | RAM Usage: 1 MB
[2026-01-10 17:15:16] [INFO]: [SYSTEM] CPU: 1.734820% | RAM Usage: 1 MB
[2026-01-10 17:15:17] [INFO]: [SYSTEM] CPU: 0.624220% | RAM Usage: 1 MB
[2026-01-10 17:15:18] [INFO]: [SYSTEM] CPU: 1.865672% | RAM Usage: 1 MB
[2026-01-10 17:15:19] [INFO]: [SYSTEM] CPU: 1.243781% | RAM Usage: 1 MB
[2026-01-10 17:15:20] [INFO]: [SYSTEM] CPU: 1.119403% | RAM Usage: 1 MB
[2026-01-10 17:15:21] [INFO]: [SYSTEM] CPU: 1.366460% | RAM Usage: 1 MB
[2026-01-10 17:15:22] [INFO]: [SYSTEM] CPU: 0.871731% | RAM Usage: 1 MB
[2026-01-10 17:15:23] [INFO]: [SYSTEM] CPU: 1.373283% | RAM Usage: 1 MB
[2026-01-10 17:15:24] [INFO]: [SYSTEM] CPU: 0.745342% | RAM Usage: 1 MB
[2026-01-10 17:15:25] [INFO]: [SYSTEM] CPU: 1.496259% | RAM Usage: 1 MB
[2026-01-10 17:15:26] [INFO]: [SYSTEM] CPU: 2.357320% | RAM Usage: 1 MB
[2026-01-10 17:15:27] [INFO]: [SYSTEM] CPU: 2.736318% | RAM Usage: 1 MB
[2026-01-10 17:15:28] [INFO]: [SYSTEM] CPU: 0.745342% | RAM Usage: 1 MB
[2026-01-10 17:15:29] [INFO]: [SYSTEM] CPU: 0.747198% | RAM Usage: 1 MB
[2026-01-10 17:15:30] [INFO]: [SYSTEM] CPU: 1.368159% | RAM Usage: 1 MB
[2026-01-10 17:15:31] [INFO]: [SYSTEM] CPU: 1.116625% | RAM Usage: 1 MB
[2026-01-10 17:15:32] [INFO]: [SYSTEM] CPU: 4.130163% | RAM Usage: 1 MB
[2026-01-10 17:15:33] [INFO]: [SYSTEM] CPU: 0.746269% | RAM Usage: 1 MB
[2026-01-10 17:15:34] [INFO]: [SYSTEM] CPU: 2.621723% | RAM Usage: 1 MB
[2026-01-10 17:15:35] [INFO]: [SYSTEM] CPU: 1.987578% | RAM Usage: 1 MB
[2026-01-10 17:15:36] [INFO]: [SYSTEM] CPU: 1.752190% | RAM Usage: 1 MB
[2026-01-10 17:15:37] [INFO]: [SYSTEM] CPU: 3.750000% | RAM Usage: 1 MB
[2026-01-10 17:15:38] [INFO]: [SYSTEM] CPU: 1.359703% | RAM Usage: 1 MB
[2026-01-10 17:15:39] [INFO]: [SYSTEM] CPU: 1.000000% | RAM Usage: 1 MB
[2026-01-10 17:15:40] [WARNING]: [SYSTEM] CPU: 11.414392% | RAM Usage: 1 MB [WARNING: High CPU Load]
[2026-01-10 17:15:41] [INFO]: [SYSTEM] CPU: 5.157233% | RAM Usage: 1 MB
[2026-01-10 17:15:42] [INFO]: [SYSTEM] CPU: 6.343284% | RAM Usage: 1 MB
[2026-01-10 17:15:43] [WARNING]: [SYSTEM] CPU: 14.445828% | RAM Usage: 1 MB [WARNING: High CPU Load]
[2026-01-10 17:15:44] [INFO]: [SYSTEM] CPU: 1.997503% | RAM Usage: 1 MB
[2026-01-10 17:15:45] [INFO]: [SYSTEM] CPU: 8.114856% | RAM Usage: 1 MB
[2026-01-10 17:15:46] [INFO]: [SYSTEM] CPU: 5.223881% | RAM Usage: 1 MB
[2026-01-10 17:15:47] [INFO]: [SYSTEM] CPU: 1.242236% | RAM Usage: 1 MB
[2026-01-10 17:15:48] [INFO]: [SYSTEM] CPU: 0.996264% | RAM Usage: 1 MB
[2026-01-10 17:15:49] [INFO]: [SYSTEM] CPU: 1.490683% | RAM Usage: 1 MB
[2026-01-10 17:15:50] [INFO]: [SYSTEM] CPU: 1.245330% | RAM Usage: 1 MB
[2026-01-10 17:15:51] [INFO]: [SYSTEM] CPU: 1.496259% | RAM Usage: 1 MB
[2026-01-10 17:15:52] [INFO]: [SYSTEM] CPU: 5.354919% | RAM Usage: 1 MB
[2026-01-10 17:15:53] [INFO]: [SYSTEM] CPU: 2.746567% | RAM Usage: 1 MB
[2026-01-10 17:15:54] [INFO]: [SYSTEM] CPU: 6.583851% | RAM Usage: 1 MB
[2026-01-10 17:15:55] [INFO]: [SYSTEM] CPU: 0.873908% | RAM Usage: 1 MB
[2026-01-10 17:15:56] [INFO]: [SYSTEM] CPU: 5.486284% | RAM Usage: 1 MB
[2026-01-10 17:15:57] [INFO]: [SYSTEM] CPU: 2.490660% | RAM Usage: 1 MB
[2026-01-10 17:15:58] [INFO]: [SYSTEM] CPU: 1.118012% | RAM Usage: 1 MB
[2026-01-10 17:15:59] [INFO]: [SYSTEM] CPU: 1.494396% | RAM Usage: 1 MB
[2026-01-10 17:16:00] [INFO]: [SYSTEM] CPU: 1.488834% | RAM Usage: 1 MB
[2026-01-10 17:16:01] [INFO]: [SYSTEM] CPU: 1.251564% | RAM Usage: 1 MB
[2026-01-10 17:16:02] [INFO]: [SYSTEM] CPU: 1.371571% | RAM Usage: 1 MB
[2026-01-10 17:16:03] [INFO]: [SYSTEM] CPU: 8.198758% | RAM Usage: 1 MB
[2026-01-10 17:16:04] [INFO]: [SYSTEM] CPU: 3.379224% | RAM Usage: 1 MB
[2026-01-10 17:16:05] [INFO]: [SYSTEM] CPU: 1.620948% | RAM Usage: 1 MB
[2026-01-10 17:16:06] [INFO]: [SYSTEM] CPU: 1.863354% | RAM Usage: 1 MB
[2026-01-10 17:16:07] [INFO]: [SYSTEM] CPU: 3.245943% | RAM Usage: 1 MB
[2026-01-10 17:16:08] [INFO]: [SYSTEM] CPU: 2.867830% | RAM Usage: 1 MB
[2026-01-10 17:16:09] [INFO]: [SYSTEM] CPU: 1.616915% | RAM Usage: 1 MB
[2026-01-10 17:16:10] [INFO]: [SYSTEM] CPU: 4.744070% | RAM Usage: 1 MB
[2026-01-10 17:16:11] [INFO]: [SYSTEM] CPU: 1.242236% | RAM Usage: 1 MB
[2026-01-10 17:16:12] [INFO]: [SYSTEM] CPU: 4.364090% | RAM Usage: 1 MB
[2026-01-10 17:16:13] [INFO]: [SYSTEM] CPU: 0.995025% | RAM Usage: 1 MB
[2026-01-10 17:16:14] [INFO]: [SYSTEM] CPU: 0.748130% | RAM Usage: 1 MB
[2026-01-10 17:16:15] [INFO]: [SYSTEM] CPU: 1.248439% | RAM Usage: 1 MB
[2026-01-10 17:16:16] [INFO]: [SYSTEM] CPU: 1.488834% | RAM Usage: 1 MB
[2026-01-10 17:16:17] [INFO]: [SYSTEM] CPU: 1.368159% | RAM Usage: 1 MB
[2026-01-10 17:16:18] [INFO]: [SYSTEM] CPU: 0.748130% | RAM Usage: 1 MB
[2026-01-10 17:16:19] [INFO]: [SYSTEM] CPU: 1.616915% | RAM Usage: 1 MB
[2026-01-10 17:16:20] [INFO]: [SYSTEM] CPU: 1.870324% | RAM Usage: 1 MB
[2026-01-10 17:16:21] [INFO]: [SYSTEM] CPU: 1.366460% | RAM Usage: 1 MB
[2026-01-10 17:16:22] [INFO]: [SYSTEM] CPU: 4.239401% | RAM Usage: 1 MB
[2026-01-10 17:16:23] [INFO]: [SYSTEM] CPU: 0.992556% | RAM Usage: 1 MB
[2026-01-10 17:16:24] [INFO]: [SYSTEM] CPU: 4.244694% | RAM Usage: 1 MB
[2026-01-10 17:16:25] [INFO]: [SYSTEM] CPU: 2.127660% | RAM Usage: 1 MB
[2026-01-10 17:16:26] [INFO]: [SYSTEM] CPU: 2.992519% | RAM Usage: 1 MB
[2026-01-10 17:16:27] [INFO]: [SYSTEM] CPU: 4.625000% | RAM Usage: 1 MB
[2026-01-10 17:16:28] [INFO]: [SYSTEM] CPU: 4.250000% | RAM Usage: 1 MB
[2026-01-10 17:16:29] [INFO]: [SYSTEM] CPU: 1.732673% | RAM Usage: 1 MB
[2026-01-10 17:16:30] [INFO]: [SYSTEM] CPU: 1.618929% | RAM Usage: 1 MB
[2026-01-10 17:16:31] [INFO]: [SYSTEM] CPU: 1.369863% | RAM Usage: 1 MB
[2026-01-10 17:16:32] [INFO]: [SYSTEM] CPU: 0.876095% | RAM Usage: 1 MB
[2026-01-10 17:16:33] [WARNING]: [SYSTEM] CPU: 29.739777% | RAM Usage: 1 MB [WARNING: High CPU Load]
[2026-01-10 17:16:34] [WARNING]: [SYSTEM] CPU: 16.749380% | RAM Usage: 1 MB [WARNING: High CPU Load]
[2026-01-10 17:16:35] [INFO]: [SYSTEM] CPU: 1.120797% | RAM Usage: 1 MB
[2026-01-10 17:16:36] [INFO]: [SYSTEM] CPU: 6.007509% | RAM Usage: 1 MB
[2026-01-10 17:16:37] [INFO]: [SYSTEM] CPU: 3.722084% | RAM Usage: 1 MB
[2026-01-10 17:16:38] [INFO]: [SYSTEM] CPU: 0.749064% | RAM Usage: 1 MB
[2026-01-10 17:16:39] [INFO]: [SYSTEM] CPU: 1.490683% | RAM Usage: 1 MB
[2026-01-10 17:16:40] [INFO]: [SYSTEM] CPU: 1.122195% | RAM Usage: 1 MB
[2026-01-10 17:16:41] [INFO]: [SYSTEM] CPU: 1.118012% | RAM Usage: 1 MB
[2026-01-10 17:16:42] [INFO]: [SYSTEM] CPU: 0.623441% | RAM Usage: 1 MB
[2026-01-10 17:16:43] [INFO]: [SYSTEM] CPU: 8.830846% | RAM Usage: 1 MB
[2026-01-10 17:16:44] [INFO]: [SYSTEM] CPU: 7.750000% | RAM Usage: 1 MB
[2026-01-10 17:16:45] [WARNING]: [SYSTEM] CPU: 12.094763% | RAM Usage: 1 MB [WARNING: High CPU Load]
[2026-01-10 17:16:46] [INFO]: [SYSTEM] CPU: 2.366127% | RAM Usage: 1 MB
[2026-01-10 17:16:47] [INFO]: [SYSTEM] CPU: 1.872659% | RAM Usage: 1 MB
[2026-01-10 17:16:48] [INFO]: [SYSTEM] CPU: 3.606965% | RAM Usage: 1 MB
[2026-01-10 17:16:49] [INFO]: [SYSTEM] CPU: 3.855721% | RAM Usage: 1 MB
[2026-01-10 17:16:50] [INFO]: [SYSTEM] CPU: 7.960199% | RAM Usage: 1 MB
[2026-01-10 17:16:51] [INFO]: [SYSTEM] CPU: 5.860349% | RAM Usage: 1 MB
[2026-01-10 17:16:52] [INFO]: [SYSTEM] CPU: 7.000000% | RAM Usage: 1 MB
[2026-01-10 17:16:53] [INFO]: [SYSTEM] CPU: 4.500000% | RAM Usage: 1 MB
[2026-01-10 17:16:54] [INFO]: [SYSTEM] CPU: 2.478315% | RAM Usage: 1 MB
[2026-01-10 17:16:55] [WARNING]: [SYSTEM] CPU: 11.860175% | RAM Usage: 1 MB [WARNING: High CPU Load]
[2026-01-10 17:16:56] [INFO]: [SYSTEM] CPU: 7.875000% | RAM Usage: 1 MB
[2026-01-10 17:16:57] [WARNING]: [SYSTEM] CPU: 13.425345% | RAM Usage: 1 MB [WARNING: High CPU Load]
[2026-01-10 17:16:58] [WARNING]: [SYSTEM] CPU: 15.211970% | RAM Usage: 1 MB [WARNING: High CPU Load]
[2026-01-10 17:16:59] [INFO]: [SYSTEM] CPU: 6.608479% | RAM Usage: 1 MB
[2026-01-10 17:17:00] [INFO]: [SYSTEM] CPU: 7.855362% | RAM Usage: 1 MB
[2026-01-10 17:17:01] [INFO]: [SYSTEM] CPU: 10.000000% | RAM Usage: 1 MB
[2026-01-10 17:17:02] [INFO]: [SYSTEM] CPU: 6.226650% | RAM Usage: 1 MB
[2026-01-10 17:17:03] [WARNING]: [SYSTEM] CPU: 34.253450% | RAM Usage: 1 MB [WARNING: High CPU Load]
[2026-01-10 17:17:04] [WARNING]: [SYSTEM] CPU: 71.839800% | RAM Usage: 1 MB [WARNING: High CPU Load]
[2026-01-10 17:17:05] [WARNING]: [SYSTEM] CPU: 51.442911% | RAM Usage: 1 MB [WARNING: High CPU Load]
[2026-01-10 17:17:06] [WARNING]: [SYSTEM] CPU: 30.827068% | RAM Usage: 1 MB [WARNING: High CPU Load]
[2026-01-10 17:17:07] [WARNING]: [SYSTEM] CPU: 31.360202% | RAM Usage: 1 MB [WARNING: High CPU Load]
[2026-01-10 17:17:08] [WARNING]: [SYSTEM] CPU: 18.125000% | RAM Usage: 1 MB [WARNING: High CPU Load]
[2026-01-10 17:17:09] [WARNING]: [SYSTEM] CPU: 20.927318% | RAM Usage: 1 MB [WARNING: High CPU Load]
[2026-01-10 17:17:10] [WARNING]: [SYSTEM] CPU: 29.088639% | RAM Usage: 1 MB [WARNING: High CPU Load]
[2026-01-10 17:17:11] [WARNING]: [SYSTEM] CPU: 43.250000% | RAM Usage: 1 MB [WARNING: High CPU Load]
[2026-01-10 17:17:12] [WARNING]: [SYSTEM] CPU: 47.204969% | RAM Usage: 1 MB [WARNING: High CPU Load]
[2026-01-10 17:17:13] [WARNING]: [SYSTEM] CPU: 35.865504% | RAM Usage: 1 MB [WARNING: High CPU Load]
[2026-01-10 17:17:14] [WARNING]: [SYSTEM] CPU: 14.837905% | RAM Usage: 1 MB [WARNING: High CPU Load]
[2026-01-10 17:17:15] [INFO]: [SYSTEM] CPU: 9.033877% | RAM Usage: 1 MB
[2026-01-10 17:17:16] [INFO]: [SYSTEM] CPU: 9.937888% | RAM Usage: 1 MB
[2026-01-10 17:17:17] [WARNING]: [SYSTEM] CPU: 10.112360% | RAM Usage: 1 MB [WARNING: High CPU Load]
[2026-01-10 17:17:18] [INFO]: [SYSTEM] CPU: 7.268170% | RAM Usage: 1 MB
[2026-01-10 17:17:19] [INFO]: [SYSTEM] CPU: 7.098381% | RAM Usage: 1 MB
[2026-01-10 17:17:20] [INFO]: [SYSTEM] CPU: 3.615960% | RAM Usage: 1 MB
[2026-01-10 17:17:21] [INFO]: [SYSTEM] CPU: 4.607721% | RAM Usage: 1 MB
[2026-01-10 17:17:22] [INFO]: [SYSTEM] CPU: 2.366127% | RAM Usage: 1 MB
[2026-01-10 17:17:23] [INFO]: [SYSTEM] CPU: 3.975155% | RAM Usage: 1 MB
[2026-01-10 17:17:24] [INFO]: [SYSTEM] CPU: 3.370787% | RAM Usage: 1 MB
[2026-01-10 17:17:25] [WARNING]: [SYSTEM] CPU: 21.500000% | RAM Usage: 1 MB [WARNING: High CPU Load]
[2026-01-10 17:17:26] [WARNING]: [SYSTEM] CPU: 23.625000% | RAM Usage: 1 MB [WARNING: High CPU Load]
[2026-01-10 17:17:27] [WARNING]: [SYSTEM] CPU: 18.407960% | RAM Usage: 1 MB [WARNING: High CPU Load]
[2026-01-10 17:17:28] [INFO]: [SYSTEM] CPU: 7.471980% | RAM Usage: 1 MB
[2026-01-10 17:17:29] [INFO]: [SYSTEM] CPU: 6.117353% | RAM Usage: 1 MB
